<?xml version="1.0" encoding="UTF-8"?>
<!-- Generated by org.testng.reporters.JUnitXMLReporter -->
<testsuite ignored="4" hostname="DESKTOP-2F30NUD" failures="0" tests="4" name="groupingTest" time="0.133" errors="0" timestamp="2025-06-10T22:54:57 BST">
  <testcase classname="groupings.loginTest" name="loginByEmail" time="0.017"/>
  <testcase classname="groupings.loginTest" name="loginByFacebook" time="0.001"/>
  <testcase classname="groupings.singupTests" name="signupByEmail" time="0.002"/>
  <testcase classname="groupings.singupTests" name="signedupByTwitter" time="0.002"/>
  <testcase classname="groupings.loginTest" name="loginByTwitter" time="0.0">
    <ignored/>
  </testcase> <!-- loginByTwitter -->
  <testcase classname="groupings.paymentTests" name="paymentinRupees" time="0.0">
    <ignored/>
  </testcase> <!-- paymentinRupees -->
  <testcase classname="groupings.singupTests" name="signedupByFacebook" time="0.0">
    <ignored/>
  </testcase> <!-- signedupByFacebook -->
  <testcase classname="groupings.paymentTests" name="paymentinDollars" time="0.0">
    <ignored/>
  </testcase> <!-- paymentinDollars -->
</testsuite> <!-- groupingTest -->
