<?xml version="1.0" encoding="UTF-8"?>
<!-- Generated by org.testng.reporters.JUnitXMLReporter -->
<testsuite ignored="0" hostname="DESKTOP-2F30NUD" failures="0" tests="3" name="edgeTest" time="2.288" errors="0" timestamp="2025-06-18T13:31:54 BST">
  <testcase classname="parametrisation.paramTest" name="testLogo" time="0.001">
    <skipped/>
  </testcase> <!-- testLogo -->
  <testcase classname="parametrisation.paramTest" name="testTitle" time="0.0">
    <skipped/>
  </testcase> <!-- testTitle -->
  <testcase classname="parametrisation.paramTest" name="testURL" time="0.0">
    <skipped/>
  </testcase> <!-- testURL -->
</testsuite> <!-- edgeTest -->
