<?xml version="1.0" encoding="UTF-8"?>
<!-- Generated by org.testng.reporters.JUnitXMLReporter -->
<testsuite ignored="0" hostname="DESKTOP-2F30NUD" failures="0" tests="3" name="firefoxTest" time="13.743" errors="0" timestamp="2025-06-18T13:32:06 BST">
  <testcase classname="parametrisation.paramTest" name="testLogo" time="0.083"/>
  <testcase classname="parametrisation.paramTest" name="testTitle" time="0.008"/>
  <testcase classname="parametrisation.paramTest" name="testURL" time="0.006"/>
</testsuite> <!-- firefoxTest -->
