<?xml version="1.0" encoding="UTF-8"?>
<testng-results ignored="0" total="1" passed="1" failed="0" skipped="0">
  <reporter-output>
  </reporter-output>
  <suite started-at="2025-07-07T21:44:06 BST" name="Suite" finished-at="2025-07-07T21:44:12 BST" duration-ms="5318">
    <groups>
    </groups>
    <test started-at="2025-07-07T21:44:06 BST" name="Test" finished-at="2025-07-07T21:44:12 BST" duration-ms="5318">
      <class name="pageObjectModel.loginTest">
        <test-method is-config="true" signature="setUp()[pri:0, instance:pageObjectModel.loginTest@58a9760d]" started-at="2025-07-07T21:44:06 BST" name="setUp" finished-at="2025-07-07T21:44:10 BST" duration-ms="3678" status="PASS">
          <reporter-output>
          </reporter-output>
        </test-method> <!-- setUp -->
        <test-method signature="testLogin()[pri:0, instance:pageObjectModel.loginTest@58a9760d]" started-at="2025-07-07T21:44:10 BST" name="testLogin" finished-at="2025-07-07T21:44:11 BST" duration-ms="1434" status="PASS">
          <reporter-output>
          </reporter-output>
        </test-method> <!-- testLogin -->
        <test-method is-config="true" signature="tearDown()[pri:0, instance:pageObjectModel.loginTest@58a9760d]" started-at="2025-07-07T21:44:11 BST" name="tearDown" finished-at="2025-07-07T21:44:12 BST" duration-ms="152" status="PASS">
          <reporter-output>
          </reporter-output>
        </test-method> <!-- tearDown -->
      </class> <!-- pageObjectModel.loginTest -->
    </test> <!-- Test -->
  </suite> <!-- Suite -->
</testng-results>
