<?xml version="1.0" encoding="UTF-8"?>
<!-- Generated by org.testng.reporters.JUnitXMLReporter -->
<testsuite ignored="0" hostname="DESKTOP-2F30NUD" failures="0" tests="7" name="Test" time="8.699" errors="0" timestamp="2025-06-06T19:27:57 BST">
  <testcase classname="basicTestCases.firstTestCase" name="openApp" time="0.011"/>
  <testcase classname="basicTestCases.firstTestCase" name="login" time="0.001"/>
  <testcase classname="basicTestCases.firstTestCase" name="logout" time="0.001"/>
  <testcase classname="basicTestCases.orangeHRMTest" name="openApp" time="5.182"/>
  <testcase classname="basicTestCases.orangeHRMTest" name="testLogo" time="3.04"/>
  <testcase classname="basicTestCases.orangeHRMTest" name="login" time="0.218"/>
  <testcase classname="basicTestCases.orangeHRMTest" name="closeApp" time="0.186"/>
</testsuite> <!-- Test -->
